Determining if the pthread_create exist failed with the following output:
Change Dir: /home/nguyen/Visual-Studio-Workspace/simple_contour/build/CMakeFiles/CMakeTmp

Run Build Command:"/usr/bin/make" "cmTC_23fb2/fast"
/usr/bin/make -f CMakeFiles/cmTC_23fb2.dir/build.make CMakeFiles/cmTC_23fb2.dir/build
make[1]: Entering directory '/home/nguyen/Visual-Studio-Workspace/simple_contour/build/CMakeFiles/CMakeTmp'
Building C object CMakeFiles/cmTC_23fb2.dir/CheckSymbolExists.c.o
/usr/bin/x86_64-linux-gnu-gcc-7   -fPIC    -o CMakeFiles/cmTC_23fb2.dir/CheckSymbolExists.c.o   -c /home/nguyen/Visual-Studio-Workspace/simple_contour/build/CMakeFiles/CMakeTmp/CheckSymbolExists.c
Linking C executable cmTC_23fb2
/usr/bin/cmake -E cmake_link_script CMakeFiles/cmTC_23fb2.dir/link.txt --verbose=1
/usr/bin/x86_64-linux-gnu-gcc-7 -fPIC     -rdynamic CMakeFiles/cmTC_23fb2.dir/CheckSymbolExists.c.o  -o cmTC_23fb2 
CMakeFiles/cmTC_23fb2.dir/CheckSymbolExists.c.o: In function `main':
CheckSymbolExists.c:(.text+0x1b): undefined reference to `pthread_create'
collect2: error: ld returned 1 exit status
CMakeFiles/cmTC_23fb2.dir/build.make:97: recipe for target 'cmTC_23fb2' failed
make[1]: *** [cmTC_23fb2] Error 1
make[1]: Leaving directory '/home/nguyen/Visual-Studio-Workspace/simple_contour/build/CMakeFiles/CMakeTmp'
Makefile:126: recipe for target 'cmTC_23fb2/fast' failed
make: *** [cmTC_23fb2/fast] Error 2

File /home/nguyen/Visual-Studio-Workspace/simple_contour/build/CMakeFiles/CMakeTmp/CheckSymbolExists.c:
/* */
#include <pthread.h>

int main(int argc, char** argv)
{
  (void)argv;
#ifndef pthread_create
  return ((int*)(&pthread_create))[argc];
#else
  (void)argc;
  return 0;
#endif
}

Determining if the function pthread_create exists in the pthreads failed with the following output:
Change Dir: /home/nguyen/Visual-Studio-Workspace/simple_contour/build/CMakeFiles/CMakeTmp

Run Build Command:"/usr/bin/make" "cmTC_ca403/fast"
/usr/bin/make -f CMakeFiles/cmTC_ca403.dir/build.make CMakeFiles/cmTC_ca403.dir/build
make[1]: Entering directory '/home/nguyen/Visual-Studio-Workspace/simple_contour/build/CMakeFiles/CMakeTmp'
Building C object CMakeFiles/cmTC_ca403.dir/CheckFunctionExists.c.o
/usr/bin/x86_64-linux-gnu-gcc-7   -fPIC -DCHECK_FUNCTION_EXISTS=pthread_create   -o CMakeFiles/cmTC_ca403.dir/CheckFunctionExists.c.o   -c /usr/share/cmake-3.10/Modules/CheckFunctionExists.c
Linking C executable cmTC_ca403
/usr/bin/cmake -E cmake_link_script CMakeFiles/cmTC_ca403.dir/link.txt --verbose=1
/usr/bin/x86_64-linux-gnu-gcc-7 -fPIC -DCHECK_FUNCTION_EXISTS=pthread_create    -rdynamic CMakeFiles/cmTC_ca403.dir/CheckFunctionExists.c.o  -o cmTC_ca403 -lpthreads 
/usr/bin/ld: cannot find -lpthreads
collect2: error: ld returned 1 exit status
CMakeFiles/cmTC_ca403.dir/build.make:97: recipe for target 'cmTC_ca403' failed
make[1]: *** [cmTC_ca403] Error 1
make[1]: Leaving directory '/home/nguyen/Visual-Studio-Workspace/simple_contour/build/CMakeFiles/CMakeTmp'
Makefile:126: recipe for target 'cmTC_ca403/fast' failed
make: *** [cmTC_ca403/fast] Error 2


